Started
[Tue Aug 23 10:41:18 UTC 2022] Starting branch indexing...
[8mha:////4GeNL7uVcJ0j+VaP28xW4AdMj5nW+0AN/yTbRM3TKjOfAAAAhB+LCAAAAAAAAP9b85aBtbiIwSa/KF0vKzUvOzOvODlTryCnNB3I0kvPLMkoTYpPKkrMS86IL84vLUpO1XPPLPEoTXLOzyvOz0n1yy9JZYAARiYGRi8GzpLM3NTiksTcgooiBqmM0pTi/Dy9ZIhiPayaGCoKgHTTKa/rBwH3Z+qsjgAAAA==[0mConnecting to https://api.github.com using pramod6919/****** (23822)
Examining [8mha:////4C7Yf23YYyTr2S2fcjxRe/SOCczVtxOishfGQ5/TnYF1AAAAtR+LCAAAAAAAAP9b85aBtbiIQSajNKU4P08vOT+vOD8nVc+jsiC1KCczL9svvyTVzHb1RttJBUeZGJg8GdhyUvPSSzJ8GJhLi3JKGIR8shLLEvVzEvPS9YNLijLz0q0rihik0IxzhtAgwxgggJGJgaGiAMhQKWEwzygpKSi20tdPzyzJKE0C6srVDyhKzM1PMbM0tNQvLgAZq5uUn1+im2GkW55YpFuSn5ucWAIAQGaLWbwAAAA=[0mPramod6919/spring-boot-h2-war-tomcat

  Checking branches...

  Getting remote branches...

    Checking branch [8mha:////4OFeYEtH0aRtfGEaWVc/pGGSD5mDhho5Iqmid5/hKhiIAAAAvR+LCAAAAAAAAP9dzEEOgjAUBNAvRg7g0ngFaHRBgoYVG02IMfEEBRqKlrb5/Shew2voxkN4HO8ghJ2zmdnMe31h5hCWsi2d0WFhtDNKhLu7FahqfTkYElHyfCcP+/HA24OvhK5IZjBtURHMszO/cqa4rtiJsNbVtkNY/HHp2AMGYyYeQGf74ROkksi6DWNVTbLN+1fDjsgbU0bxKmbODmyQG0OBXAc3jgGZpuDECIVgDXck8Aejmm9/yAAAAA==[0mmaster

  Getting remote pull requests...
      ‘Jenkinsfile’ found
    Met criteria
Changes detected: master (9feacb130985900d249fd01e4b5433c1993cead8 → c4abf8b32b88c822c8ef8d6626875d02ceb3072a)
Scheduled build for branch: master

    Checking branch [8mha:////4GgiWRdkF+EdVT821jzgjEjqFPjYbIYUwkWxzTfIuLlgAAAAvh+LCAAAAAAAAP9dzDEOgjAYBeBfjLo7Gq8AjQ4kaJh00IQYE09QpKFo6d+0P4jX8Bq6eAiP4x2EsPmW95b3vb4wchbmssoc6uCM2qESwe5uhFWFvh6QRBg/3/HDfDzw9jBWQuckExhWVhFMkwuvOVNc5+xEttD5urEw++M2fXcY9Bl4AI1px4RgK4mMWzGWFySrtH2V7Gh5iVkYLSLmTMf6KSL5cunfuPUJyzMnRlYIlolaKDQ/hsDU+8kAAAA=[0mdevelop
      ‘Jenkinsfile’ found
    Met criteria
No changes detected: develop (still at e8dc65029bee5dbefc74278841cc94100ce99d09)

  2 branches were processed

  Checking pull-requests...

  0 pull requests were processed

Finished examining Pramod6919/spring-boot-h2-war-tomcat

[Tue Aug 23 10:41:20 UTC 2022] Finished branch indexing. Indexing took 1.9 sec
Finished: SUCCESS
