Started by user [8mha:////4CqLLYCuvWGw2ELr1NL5jdFEmOzy3JwnH0zMfD+uY1e9AAAAmR+LCAAAAAAAAP9b85aBtbiIQTGjNKU4P08vOT+vOD8nVc83PyU1x6OyILUoJzMv2y+/JJUBAhiZGBgqihhk0NSjKDWzXb3RdlLBUSYGJk8GtpzUvPSSDB8G5tKinBIGIZ+sxLJE/ZzEvHT94JKizLx0a6BxUmjGOUNodHsLgAz2EgZe/dLi1CL93NT0jMS8RAAnZYpEwgAAAA==[0mmeghana
[Wed Aug 24 10:01:49 UTC 2022] Starting branch indexing...
 > git --version # timeout=10
 > git --version # 'git version 2.34.1'
 > git ls-remote --symref -- https://github.com/MeghanaMahale/multibranchpipeline.git # timeout=10
 > git rev-parse --resolve-git-dir /var/lib/jenkins/caches/git-346c959161375cb2bb6c61b2301e3440/.git # timeout=10
Setting origin to https://github.com/MeghanaMahale/multibranchpipeline.git
 > git config remote.origin.url https://github.com/MeghanaMahale/multibranchpipeline.git # timeout=10
Fetching & pruning origin...
Listing remote references...
 > git config --get remote.origin.url # timeout=10
 > git --version # timeout=10
 > git --version # 'git version 2.34.1'
 > git ls-remote -h -- https://github.com/MeghanaMahale/multibranchpipeline.git # timeout=10
Fetching upstream changes from origin
 > git config --get remote.origin.url # timeout=10
 > git fetch --tags --force --progress --prune -- origin +refs/heads/*:refs/remotes/origin/* # timeout=10
Checking branches...
  Checking branch main
      ‘Jenkinsfile’ found
    Met criteria
No changes detected: main (still at 12a7824b31a710f6057afd2a3433e6cbe804d64e)
Processed 1 branches
[Wed Aug 24 10:01:50 UTC 2022] Finished branch indexing. Indexing took 1.8 sec
Finished: SUCCESS
